<?xml version="1.0" encoding="UTF-8"?>
<!-- Generated by org.testng.reporters.JUnitXMLReporter -->
<testsuite hostname="metinemresen" ignored="0" name="Web Tests" tests="1" failures="1" timestamp="19 Oca 2020 15:56:19 GMT" time="6.345" errors="0">
  <testcase name="@AfterMethod tearDown" time="0.0" classname="utilities.TestBase">
    <failure type="java.lang.NullPointerException">
      <![CDATA[java.lang.NullPointerException
at utilities.ExtentReportUtilities.getScreenshot(ExtentReportUtilities.java:16)
at utilities.TestBase.tearDown(TestBase.java:189)
at java.util.concurrent.ThreadPoolExecutor.runWorker(ThreadPoolExecutor.java:1149)
at java.util.concurrent.ThreadPoolExecutor$Worker.run(ThreadPoolExecutor.java:624)
at java.lang.Thread.run(Thread.java:748)
... Removed 13 stack frames]]>
    </failure>
  </testcase> <!-- @AfterMethod tearDown -->
  <testcase name="@AfterClass afterClass" time="0.0" classname="utilities.TestBase">
    <skipped/>
  </testcase> <!-- @AfterClass afterClass -->
  <testcase name="TC_Regression_001_Phase_1" time="0.018" classname="tests.androidTests.TC_Regression_001_Phase_2">
    <failure type="java.lang.NullPointerException">
      <![CDATA[java.lang.NullPointerException
at java.util.Objects.requireNonNull(Objects.java:203)
at org.openqa.selenium.support.ui.FluentWait.<init>(FluentWait.java:106)
at org.openqa.selenium.support.ui.WebDriverWait.<init>(WebDriverWait.java:85)
at org.openqa.selenium.support.ui.WebDriverWait.<init>(WebDriverWait.java:45)
at utilities.PageBaseAndroid.<init>(PageBaseAndroid.java:29)
at pages.android.HomePageMartiApp.<init>(HomePageMartiApp.java:14)
at tests.androidTests.TC_Regression_001_Phase_2.TC_Regression_001_Phase_1(TC_Regression_001_Phase_2.java:23)
at java.util.concurrent.ThreadPoolExecutor.runWorker(ThreadPoolExecutor.java:1149)
at java.util.concurrent.ThreadPoolExecutor$Worker.run(ThreadPoolExecutor.java:624)
at java.lang.Thread.run(Thread.java:748)
... Removed 10 stack frames]]>
    </failure>
  </testcase> <!-- TC_Regression_001_Phase_1 -->
</testsuite> <!-- Web Tests -->
